<?xml version="1.0" encoding="UTF-8"?>
<!-- Generated by org.testng.reporters.JUnitXMLReporter -->
<testsuite ignored="0" hostname="Varun" failures="0" tests="3" name="Default test" time="1.362" errors="0" timestamp="2022-06-01T12:34:22 IST">
  <testcase classname="testCases.LoginPage" name="checkUrl" time="0.063"/>
  <testcase classname="testCases.LoginPage" name="invalidLogin" time="0.502"/>
  <testcase classname="testCases.LoginPage" name="validLogin" time="0.636"/>
</testsuite> <!-- Default test -->
