<?xml version="1.0" encoding="UTF-8"?>
<!-- Generated by org.testng.reporters.JUnitXMLReporter -->
<testsuite ignored="0" hostname="Varun" failures="0" tests="6" name="Default test" time="6.866" errors="0" timestamp="2022-06-17T19:32:15 IST">
  <testcase classname="apiTesting.MCaaS" name="signIn" time="1.569"/>
  <testcase classname="apiTesting.MCaaS" name="showEnterprisesList" time="2.219"/>
  <testcase classname="apiTesting.MCaaS" name="showAllEnterprises" time="1.421"/>
  <testcase classname="apiTesting.MCaaS" name="showEnterpriseDetails" time="0.097"/>
  <testcase classname="apiTesting.MCaaS" name="signupForNewEnterprise" time="1.332"/>
  <testcase classname="apiTesting.MCaaS" name="showAllDevices" time="0.093"/>
</testsuite> <!-- Default test -->
