<?xml version="1.0" encoding="UTF-8"?>
<!-- Generated by org.testng.reporters.JUnitXMLReporter -->
<testsuite ignored="0" hostname="Varun" failures="0" tests="6" name="Test" time="6.917" errors="0" timestamp="2022-06-18T14:06:31 IST">
  <testcase classname="apiTesting.MCaaS" name="signIn" time="1.59"/>
  <testcase classname="apiTesting.MCaaS" name="showEnterprisesList" time="2.268"/>
  <testcase classname="apiTesting.MCaaS" name="showAllEnterprises" time="1.389"/>
  <testcase classname="apiTesting.MCaaS" name="showEnterpriseDetails" time="0.109"/>
  <testcase classname="apiTesting.MCaaS" name="signupForNewEnterprise" time="1.31"/>
  <testcase classname="apiTesting.MCaaS" name="showAllDevices" time="0.104"/>
</testsuite> <!-- Test -->
