<?xml version="1.0" encoding="UTF-8"?>
<!-- Generated by org.testng.reporters.JUnitXMLReporter -->
<testsuite ignored="0" hostname="Varun" failures="0" tests="7" name="Test" time="16.913" errors="0" timestamp="2022-06-17T14:59:52 IST">
  <testcase classname="testCases.LoginPage" name="checkUrl" time="0.058"/>
  <testcase classname="testCases.LoginPage" name="dataDrivenTesting" time="0.652"/>
  <testcase classname="testCases.LoginPage" name="dataDrivenTesting" time="0.466"/>
  <testcase classname="testCases.LoginPage" name="dataDrivenTesting" time="1.191"/>
  <testcase classname="testCases.LoginPage" name="invalidLogin" time="0.401"/>
  <testcase classname="testCases.LoginPage" name="validLogin" time="0.447"/>
  <testcase classname="testCases.LoginPage" name="logOut" time="10.106"/>
</testsuite> <!-- Test -->
