<?xml version="1.0" encoding="UTF-8"?>
<testng-results ignored="0" total="6" passed="6" failed="0" skipped="0">
  <reporter-output>
  </reporter-output>
  <suite started-at="2022-06-18T14:06:24 IST" name="Suite" finished-at="2022-06-18T14:06:31 IST" duration-ms="6917">
    <groups>
    </groups>
    <test started-at="2022-06-18T14:06:24 IST" name="Test" finished-at="2022-06-18T14:06:31 IST" duration-ms="6917">
      <class name="apiTesting.MCaaS">
        <test-method signature="signIn()[pri:0, instance:apiTesting.MCaaS@23f3da8b]" started-at="2022-06-18T14:06:24 IST" name="signIn" finished-at="2022-06-18T14:06:25 IST" duration-ms="1590" status="PASS">
          <reporter-output>
          </reporter-output>
        </test-method> <!-- signIn -->
        <test-method signature="showEnterprisesList()[pri:1, instance:apiTesting.MCaaS@23f3da8b]" started-at="2022-06-18T14:06:25 IST" name="showEnterprisesList" finished-at="2022-06-18T14:06:28 IST" duration-ms="2268" status="PASS">
          <reporter-output>
          </reporter-output>
        </test-method> <!-- showEnterprisesList -->
        <test-method signature="showAllEnterprises()[pri:2, instance:apiTesting.MCaaS@23f3da8b]" started-at="2022-06-18T14:06:28 IST" name="showAllEnterprises" finished-at="2022-06-18T14:06:29 IST" duration-ms="1389" status="PASS">
          <reporter-output>
          </reporter-output>
        </test-method> <!-- showAllEnterprises -->
        <test-method signature="showEnterpriseDetails()[pri:3, instance:apiTesting.MCaaS@23f3da8b]" started-at="2022-06-18T14:06:29 IST" name="showEnterpriseDetails" finished-at="2022-06-18T14:06:29 IST" duration-ms="109" status="PASS">
          <reporter-output>
          </reporter-output>
        </test-method> <!-- showEnterpriseDetails -->
        <test-method signature="signupForNewEnterprise()[pri:4, instance:apiTesting.MCaaS@23f3da8b]" started-at="2022-06-18T14:06:29 IST" name="signupForNewEnterprise" finished-at="2022-06-18T14:06:30 IST" duration-ms="1310" status="PASS">
          <reporter-output>
          </reporter-output>
        </test-method> <!-- signupForNewEnterprise -->
        <test-method signature="showAllDevices()[pri:5, instance:apiTesting.MCaaS@23f3da8b]" started-at="2022-06-18T14:06:31 IST" name="showAllDevices" finished-at="2022-06-18T14:06:31 IST" duration-ms="104" status="PASS">
          <reporter-output>
          </reporter-output>
        </test-method> <!-- showAllDevices -->
      </class> <!-- apiTesting.MCaaS -->
    </test> <!-- Test -->
  </suite> <!-- Suite -->
</testng-results>
