<?xml version="1.0" encoding="UTF-8"?>
<testng-results ignored="0" total="7" passed="7" failed="0" skipped="0">
  <reporter-output>
  </reporter-output>
  <suite started-at="2022-06-17T14:59:34 IST" name="Suite" finished-at="2022-06-17T14:59:51 IST" duration-ms="16913">
    <groups>
    </groups>
    <test started-at="2022-06-17T14:59:34 IST" name="Test" finished-at="2022-06-17T14:59:51 IST" duration-ms="16913">
      <class name="testCases.LoginPage">
        <test-method is-config="true" signature="openBrowser()[pri:0, instance:testCases.LoginPage@60f2e0bd]" started-at="2022-06-17T14:59:28 IST" name="openBrowser" finished-at="2022-06-17T14:59:34 IST" duration-ms="6141" status="PASS">
          <reporter-output>
          </reporter-output>
        </test-method> <!-- openBrowser -->
        <test-method signature="checkUrl()[pri:0, instance:testCases.LoginPage@60f2e0bd]" started-at="2022-06-17T14:59:34 IST" name="checkUrl" finished-at="2022-06-17T14:59:34 IST" duration-ms="58" status="PASS">
          <reporter-output>
          </reporter-output>
        </test-method> <!-- checkUrl -->
        <test-method signature="dataDrivenTesting(java.lang.String,java.lang.String)[pri:0, instance:testCases.LoginPage@60f2e0bd]" started-at="2022-06-17T14:59:38 IST" name="dataDrivenTesting" data-provider="LoginData" finished-at="2022-06-17T14:59:39 IST" duration-ms="652" status="PASS">
          <params>
            <param index="0">
              <value>
                <![CDATA[endnode]]>
              </value>
            </param>
            <param index="1">
              <value>
                <![CDATA[reset@123]]>
              </value>
            </param>
          </params>
          <reporter-output>
          </reporter-output>
        </test-method> <!-- dataDrivenTesting -->
        <test-method signature="dataDrivenTesting(java.lang.String,java.lang.String)[pri:0, instance:testCases.LoginPage@60f2e0bd]" started-at="2022-06-17T14:59:39 IST" name="dataDrivenTesting" data-provider="LoginData" finished-at="2022-06-17T14:59:39 IST" duration-ms="466" status="PASS">
          <params>
            <param index="0">
              <value>
                <![CDATA[endnos]]>
              </value>
            </param>
            <param index="1">
              <value>
                <![CDATA[reset@123]]>
              </value>
            </param>
          </params>
          <reporter-output>
          </reporter-output>
        </test-method> <!-- dataDrivenTesting -->
        <test-method signature="dataDrivenTesting(java.lang.String,java.lang.String)[pri:0, instance:testCases.LoginPage@60f2e0bd]" started-at="2022-06-17T14:59:39 IST" name="dataDrivenTesting" data-provider="LoginData" finished-at="2022-06-17T14:59:40 IST" duration-ms="1191" status="PASS">
          <params>
            <param index="0">
              <value>
                <![CDATA[endNodes]]>
              </value>
            </param>
            <param index="1">
              <value>
                <![CDATA[Reset@123]]>
              </value>
            </param>
          </params>
          <reporter-output>
          </reporter-output>
        </test-method> <!-- dataDrivenTesting -->
        <test-method signature="invalidLogin()[pri:1, instance:testCases.LoginPage@60f2e0bd]" started-at="2022-06-17T14:59:40 IST" name="invalidLogin" finished-at="2022-06-17T14:59:41 IST" duration-ms="401" status="PASS">
          <reporter-output>
          </reporter-output>
        </test-method> <!-- invalidLogin -->
        <test-method signature="validLogin()[pri:3, instance:testCases.LoginPage@60f2e0bd]" started-at="2022-06-17T14:59:41 IST" name="validLogin" finished-at="2022-06-17T14:59:41 IST" duration-ms="447" status="PASS">
          <reporter-output>
          </reporter-output>
        </test-method> <!-- validLogin -->
        <test-method signature="logOut()[pri:4, instance:testCases.LoginPage@60f2e0bd]" started-at="2022-06-17T14:59:41 IST" name="logOut" finished-at="2022-06-17T14:59:51 IST" duration-ms="10106" status="PASS">
          <reporter-output>
          </reporter-output>
        </test-method> <!-- logOut -->
        <test-method is-config="true" signature="closeBrowser()[pri:0, instance:testCases.LoginPage@60f2e0bd]" started-at="2022-06-17T14:59:52 IST" name="closeBrowser" finished-at="2022-06-17T14:59:52 IST" duration-ms="553" status="PASS">
          <reporter-output>
          </reporter-output>
        </test-method> <!-- closeBrowser -->
      </class> <!-- testCases.LoginPage -->
    </test> <!-- Test -->
  </suite> <!-- Suite -->
</testng-results>
